# JRE version: OpenJDK Runtime Environment Temurin-11.0.17+8 (11.0.17+8) (build 11.0.17+8)
# Java VM: OpenJDK 64-Bit Server VM Temurin-11.0.17+8 (11.0.17+8, mixed mode, tiered, compressed oops, g1 gc, windows-amd64)
Heap:
 garbage-first heap   total 310272K, used 255324K [0x0000000704a00000, 0x0000000800000000)
  region size 1024K, 123 young (125952K), 1 survivors (1024K)
 Metaspace       used 83419K, capacity 88176K, committed 88448K, reserved 1126400K
  class space    used 9597K, capacity 11801K, committed 11904K, reserved 1048576K
GC Heap History (20 events):
Event: 52.128 GC heap before
{Heap before GC invocations=56 (full 0):
 garbage-first heap   total 310272K, used 274713K [0x0000000704a00000, 0x0000000800000000)
  region size 1024K, 149 young (152576K), 1 survivors (1024K)
 Metaspace       used 83370K, capacity 88110K, committed 88448K, reserved 1126400K
  class space    used 9596K, capacity 11800K, committed 11904K, reserved 1048576K
}
Event: 52.129 GC heap after
{Heap after GC invocations=57 (full 0):
 garbage-first heap   total 310272K, used 123172K [0x0000000704a00000, 0x0000000800000000)
  region size 1024K, 1 young (1024K), 1 survivors (1024K)
 Metaspace       used 83370K, capacity 88110K, committed 88448K, reserved 1126400K
  class space    used 9596K, capacity 11800K, committed 11904K, reserved 1048576K
}
Event: 52.536 GC heap before
{Heap before GC invocations=57 (full 0):
 garbage-first heap   total 310272K, used 274724K [0x0000000704a00000, 0x0000000800000000)
  region size 1024K, 149 young (152576K), 1 survivors (1024K)
 Metaspace       used 83370K, capacity 88110K, committed 88448K, reserved 1126400K
  class space    used 9596K, capacity 11800K, committed 11904K, reserved 1048576K
}
Event: 52.537 GC heap after
{Heap after GC invocations=58 (full 0):
 garbage-first heap   total 310272K, used 123179K [0x0000000704a00000, 0x0000000800000000)
  region size 1024K, 1 young (1024K), 1 survivors (1024K)
 Metaspace       used 83370K, capacity 88110K, committed 88448K, reserved 1126400K
  class space    used 9596K, capacity 11800K, committed 11904K, reserved 1048576K
}
Event: 52.760 GC heap before
{Heap before GC invocations=58 (full 0):
 garbage-first heap   total 310272K, used 274731K [0x0000000704a00000, 0x0000000800000000)
  region size 1024K, 149 young (152576K), 1 survivors (1024K)
 Metaspace       used 83383K, capacity 88110K, committed 88448K, reserved 1126400K
  class space    used 9596K, capacity 11800K, committed 11904K, reserved 1048576K
}
Event: 52.761 GC heap after
{Heap after GC invocations=59 (full 0):
 garbage-first heap   total 310272K, used 123184K [0x0000000704a00000, 0x0000000800000000)
  region size 1024K, 1 young (1024K), 1 survivors (1024K)
 Metaspace       used 83383K, capacity 88110K, committed 88448K, reserved 1126400K
  class space    used 9596K, capacity 11800K, committed 11904K, reserved 1048576K
}
Event: 53.200 GC heap before
{Heap before GC invocations=59 (full 0):
 garbage-first heap   total 310272K, used 275760K [0x0000000704a00000, 0x0000000800000000)
  region size 1024K, 150 young (153600K), 1 survivors (1024K)
 Metaspace       used 83383K, capacity 88110K, committed 88448K, reserved 1126400K
  class space    used 9596K, capacity 11800K, committed 11904K, reserved 1048576K
}
Event: 53.201 GC heap after
{Heap after GC invocations=60 (full 0):
 garbage-first heap   total 310272K, used 123190K [0x0000000704a00000, 0x0000000800000000)
  region size 1024K, 1 young (1024K), 1 survivors (1024K)
 Metaspace       used 83383K, capacity 88110K, committed 88448K, reserved 1126400K
  class space    used 9596K, capacity 11800K, committed 11904K, reserved 1048576K
}
Event: 55.143 GC heap before
{Heap before GC invocations=60 (full 0):
 garbage-first heap   total 310272K, used 275766K [0x0000000704a00000, 0x0000000800000000)
  region size 1024K, 150 young (153600K), 1 survivors (1024K)
 Metaspace       used 83383K, capacity 88110K, committed 88448K, reserved 1126400K
  class space    used 9596K, capacity 11800K, committed 11904K, reserved 1048576K
}
Event: 55.144 GC heap after
{Heap after GC invocations=61 (full 0):
 garbage-first heap   total 310272K, used 123198K [0x0000000704a00000, 0x0000000800000000)
  region size 1024K, 1 young (1024K), 1 survivors (1024K)
 Metaspace       used 83383K, capacity 88110K, committed 88448K, reserved 1126400K
  class space    used 9596K, capacity 11800K, committed 11904K, reserved 1048576K
}
Event: 56.557 GC heap before
{Heap before GC invocations=61 (full 0):
 garbage-first heap   total 310272K, used 275774K [0x0000000704a00000, 0x0000000800000000)
  region size 1024K, 150 young (153600K), 1 survivors (1024K)
 Metaspace       used 83383K, capacity 88110K, committed 88448K, reserved 1126400K
  class space    used 9596K, capacity 11800K, committed 11904K, reserved 1048576K
}
Event: 56.558 GC heap after
{Heap after GC invocations=62 (full 0):
 garbage-first heap   total 310272K, used 123205K [0x0000000704a00000, 0x0000000800000000)
  region size 1024K, 1 young (1024K), 1 survivors (1024K)
 Metaspace       used 83383K, capacity 88110K, committed 88448K, reserved 1126400K
  class space    used 9596K, capacity 11800K, committed 11904K, reserved 1048576K
}
Event: 1711.335 GC heap before
{Heap before GC invocations=62 (full 0):
 garbage-first heap   total 310272K, used 279877K [0x0000000704a00000, 0x0000000800000000)
  region size 1024K, 150 young (153600K), 1 survivors (1024K)
 Metaspace       used 83393K, capacity 88112K, committed 88448K, reserved 1126400K
  class space    used 9597K, capacity 11801K, committed 11904K, reserved 1048576K
}
Event: 1711.336 GC heap after
{Heap after GC invocations=63 (full 0):
 garbage-first heap   total 310272K, used 127316K [0x0000000704a00000, 0x0000000800000000)
  region size 1024K, 1 young (1024K), 1 survivors (1024K)
 Metaspace       used 83393K, capacity 88112K, committed 88448K, reserved 1126400K
  class space    used 9597K, capacity 11801K, committed 11904K, reserved 1048576K
}
Event: 1711.936 GC heap before
{Heap before GC invocations=63 (full 0):
 garbage-first heap   total 310272K, used 275796K [0x0000000704a00000, 0x0000000800000000)
  region size 1024K, 146 young (149504K), 1 survivors (1024K)
 Metaspace       used 83397K, capacity 88112K, committed 88448K, reserved 1126400K
  class space    used 9597K, capacity 11801K, committed 11904K, reserved 1048576K
}
Event: 1711.936 GC heap after
{Heap after GC invocations=64 (full 0):
 garbage-first heap   total 310272K, used 127314K [0x0000000704a00000, 0x0000000800000000)
  region size 1024K, 1 young (1024K), 1 survivors (1024K)
 Metaspace       used 83397K, capacity 88112K, committed 88448K, reserved 1126400K
  class space    used 9597K, capacity 11801K, committed 11904K, reserved 1048576K
}
Event: 2637.294 GC heap before
{Heap before GC invocations=64 (full 0):
 garbage-first heap   total 310272K, used 275794K [0x0000000704a00000, 0x0000000800000000)
  region size 1024K, 146 young (149504K), 1 survivors (1024K)
 Metaspace       used 83402K, capacity 88112K, committed 88448K, reserved 1126400K
  class space    used 9597K, capacity 11801K, committed 11904K, reserved 1048576K
}
Event: 2637.295 GC heap after
{Heap after GC invocations=65 (full 0):
 garbage-first heap   total 310272K, used 127342K [0x0000000704a00000, 0x0000000800000000)
  region size 1024K, 1 young (1024K), 1 survivors (1024K)
 Metaspace       used 83402K, capacity 88112K, committed 88448K, reserved 1126400K
  class space    used 9597K, capacity 11801K, committed 11904K, reserved 1048576K
}
Event: 2944.352 GC heap before
{Heap before GC invocations=65 (full 0):
 garbage-first heap   total 310272K, used 279918K [0x0000000704a00000, 0x0000000800000000)
  region size 1024K, 146 young (149504K), 1 survivors (1024K)
 Metaspace       used 83419K, capacity 88176K, committed 88448K, reserved 1126400K
  class space    used 9597K, capacity 11801K, committed 11904K, reserved 1048576K
}
Event: 2944.353 GC heap after
{Heap after GC invocations=66 (full 0):
 garbage-first heap   total 310272K, used 131420K [0x0000000704a00000, 0x0000000800000000)
  region size 1024K, 1 young (1024K), 1 survivors (1024K)
 Metaspace       used 83419K, capacity 88176K, committed 88448K, reserved 1126400K
  class space    used 9597K, capacity 11801K, committed 11904K, reserved 1048576K
}

